<?xml version="1.0" encoding="UTF-8"?>
<!-- Generated by org.testng.reporters.JUnitReportReporter -->
<testsuite hostname="DESKTOP-NJ6S4L8" failures="0" tests="1" name="testSuit.ebayTest" time="13.409" errors="0" timestamp="2023-03-01T22:27:04 BDT" skipped="0">
  <testcase classname="testSuit.ebayTest" name="categorySearch" time="13.409"/>
  <system-out/>
</testsuite> <!-- testSuit.ebayTest -->
