<?xml version="1.0" encoding="UTF-8"?>
<!-- Generated by org.testng.reporters.JUnitReportReporter -->
<testsuite hostname="DESKTOP-NJ6S4L8" failures="0" tests="2" name="ebay.testCase.ebayTest" time="39.859" errors="0" timestamp="2023-03-03T00:15:52 BDT" skipped="0">
  <testcase classname="ebay.testCase.ebayTest" name="applePage" time="15.841"/>
  <system-out/>
  <testcase classname="ebay.testCase.ebayTest" name="categorySearch" time="24.018"/>
  <system-out/>
</testsuite> <!-- ebay.testCase.ebayTest -->
