<?xml version="1.0" encoding="UTF-8"?>
<!-- Generated by org.testng.reporters.JUnitReportReporter -->
<testsuite hostname="Mac-mini" failures="0" tests="2" name="ebay.testCase.ebayTest" time="19.255" errors="0" timestamp="2023-03-30T09:21:58 EDT" skipped="0">
  <testcase classname="ebay.testCase.ebayTest" name="categorySearch" time="9.451"/>
  <system-out/>
  <testcase classname="ebay.testCase.ebayTest" name="applePage" time="9.804"/>
  <system-out/>
</testsuite> <!-- ebay.testCase.ebayTest -->
