<?xml version="1.0" encoding="UTF-8"?>
<!-- Generated by org.testng.reporters.JUnitReportReporter -->
<testsuite hostname="DESKTOP-NJ6S4L8" failures="0" tests="1" name="ebay.testCase.ebayTest" time="11.449" errors="0" timestamp="2023-03-02T00:12:31 BDT" skipped="0">
  <testcase classname="ebay.testCase.ebayTest" name="categorySearch" time="11.449"/>
  <system-out/>
</testsuite> <!-- ebay.testCase.ebayTest -->
